<?xml version="1.0" encoding="UTF-8"?>
<!-- Generated by org.testng.reporters.JUnitReportReporter -->
<testsuite hostname="LAPTOP-CM51QT3D" failures="0" tests="1" name="TC_PlacingOrder_006" time="6.515" errors="0" timestamp="2023-12-27T15:37:41 IST" skipped="0">
  <testcase classname="TC_PlacingOrder_006" name="placingorder" time="6.515">
    <system-out>
      <![CDATA[Clicked on Books
Clicked on ComputingInternet
Clicked on AddToCart
Clicked on ShoppingCart
clicked on termofservice
Clicked on Checkout
Clicked on billingContinue
clicked on ShippingAddressContinue
clicked on ShippingMethod
clicked on CashonDelevery
Clicked on payment continue button
clicked on paymentinfo continue button
Clicked on Conformbutton
Your order has been successfully processed!]]>
    </system-out>
  </testcase> <!-- placingorder -->
  <system-out>
    <![CDATA[Browser Launched
URL Entered
Email address Entered Succesfully
Password  Entered Succesfully
Login Successfully
Clicked on Books
Clicked on ComputingInternet
Clicked on AddToCart
Clicked on ShoppingCart
clicked on termofservice
Clicked on Checkout
Clicked on billingContinue
clicked on ShippingAddressContinue
clicked on ShippingMethod
clicked on CashonDelevery
Clicked on payment continue button
clicked on paymentinfo continue button
Clicked on Conformbutton
Your order has been successfully processed!]]>
  </system-out>
</testsuite> <!-- TC_PlacingOrder_006 -->
