<?xml version="1.0" encoding="UTF-8"?>
<!-- Generated by org.testng.reporters.JUnitReportReporter -->
<testsuite hostname="LAPTOP-CM51QT3D" failures="0" tests="1" name="TC_LogIn_001" time="5.677" errors="0" timestamp="2023-12-26T20:39:00 IST" skipped="0">
  <testcase classname="TC_LogIn_001" name="login" time="5.677">
    <system-out>
      <![CDATA[Clicked on Login]]>
    </system-out>
  </testcase> <!-- login -->
  <system-out>
    <![CDATA[Browser Launched
URL Entered
Login Successfully
Clicked on Login]]>
  </system-out>
</testsuite> <!-- TC_LogIn_001 -->
