<?xml version="1.0" encoding="UTF-8"?>
<!-- Generated by org.testng.reporters.JUnitReportReporter -->
<testsuite hostname="LAPTOP-CM51QT3D" failures="0" tests="1" name="demowebshope.TC_Wishlist_004_Test" time="3.061" errors="0" timestamp="2023-12-28T22:16:01 IST" skipped="0">
  <testcase classname="demowebshope.TC_Wishlist_004_Test" name="wishlist" time="3.061">
    <system-out>
      <![CDATA[Clicked on ApparalesAndShoes
Clicked on 50's Rockabilly Polka Dot Top JR Plus Size 
Added To Whishlist
Clicked on Wishlist
Product is added to whishlist]]>
    </system-out>
  </testcase> <!-- wishlist -->
  <system-out>
    <![CDATA[Browser Launched
URL Entered
Email address Entered Succesfully
Password  Entered Succesfully
Login Successfully
Clicked on ApparalesAndShoes
Clicked on 50's Rockabilly Polka Dot Top JR Plus Size 
Added To Whishlist
Clicked on Wishlist
Product is added to whishlist]]>
  </system-out>
</testsuite> <!-- demowebshope.TC_Wishlist_004_Test -->
