<?xml version="1.0" encoding="UTF-8"?>
<!-- Generated by org.testng.reporters.JUnitReportReporter -->
<testsuite hostname="LAPTOP-CM51QT3D" failures="0" tests="1" name="TC_RemoveFromWishlist_001" time="7.150" errors="0" timestamp="2023-12-27T12:17:16 IST" skipped="0">
  <testcase classname="TC_RemoveFromWishlist_001" name="remove" time="7.150">
    <system-out>
      <![CDATA[Clicked on ApparalesAndShoes
Clicked on 50's Rockabilly Polka Dot Top JR Plus Size 
Added To Whishlist
Clicked on Wishlist
Clicked on  added to  cart checkbox
Product added to shoppingcart
The wishlist is empty!]]>
    </system-out>
  </testcase> <!-- remove -->
  <system-out>
    <![CDATA[Browser Launched
URL Entered
Email address Entered Succesfully
Password  Entered Succesfully
Login Successfully
Clicked on ApparalesAndShoes
Clicked on 50's Rockabilly Polka Dot Top JR Plus Size 
Added To Whishlist
Clicked on Wishlist
Clicked on  added to  cart checkbox
Product added to shoppingcart
The wishlist is empty!]]>
  </system-out>
</testsuite> <!-- TC_RemoveFromWishlist_001 -->
