<?xml version="1.0" encoding="UTF-8"?>
<!-- Generated by org.testng.reporters.JUnitReportReporter -->
<testsuite hostname="LAPTOP-CM51QT3D" failures="0" tests="1" name="TC_Comparelist__005" time="4.434" errors="0" timestamp="2023-12-28T10:37:53 IST" skipped="0">
  <testcase classname="TC_Comparelist__005" name="comparelist" time="4.434">
    <system-out>
      <![CDATA[Clicked on ApparalesAndShoes
Clicked on Blue and green Sneaker  
add to CompareList
Product is added to Comparelist]]>
    </system-out>
  </testcase> <!-- comparelist -->
  <system-out>
    <![CDATA[Browser Launched
URL Entered
Email address Entered Succesfully
Password  Entered Succesfully
Login Successfully
Clicked on ApparalesAndShoes
Clicked on Blue and green Sneaker  
add to CompareList
Product is added to Comparelist]]>
  </system-out>
</testsuite> <!-- TC_Comparelist__005 -->
