<?xml version="1.0" encoding="UTF-8"?>
<!-- Generated by org.testng.reporters.JUnitReportReporter -->
<testsuite hostname="LAPTOP-CM51QT3D" failures="0" tests="1" name="TC__RemoveFromCart_003" time="4.964" errors="0" timestamp="2023-12-27T15:57:25 IST" skipped="0">
  <testcase classname="TC__RemoveFromCart_003" name="remove" time="4.964">
    <system-out>
      <![CDATA[Clicked on Books
Clicked on ComputingInternet
Clicked on AddToCart
Clicked on ShoppingCart
Product is Selected
Product is removed]]>
    </system-out>
  </testcase> <!-- remove -->
  <system-out>
    <![CDATA[Browser Launched
URL Entered
Email address Entered Succesfully
Password  Entered Succesfully
Login Successfully
Clicked on Books
Clicked on ComputingInternet
Clicked on AddToCart
Clicked on ShoppingCart
Product is Selected
Product is removed]]>
  </system-out>
</testsuite> <!-- TC__RemoveFromCart_003 -->
