<?xml version="1.0" encoding="UTF-8"?>
<!-- Generated by org.testng.reporters.JUnitReportReporter -->
<testsuite hostname="LAPTOP-CM51QT3D" failures="0" tests="1" name="parameter.Understandingparameter_Test$Roadster" time="17.255" errors="0" timestamp="2023-12-28T15:19:36 IST" skipped="0">
  <testcase classname="parameter.Understandingparameter_Test$Roadster" name="roadster" time="17.255"/>
</testsuite> <!-- parameter.Understandingparameter_Test$Roadster -->
