<?xml version="1.0" encoding="UTF-8"?>
<!-- Generated by org.testng.reporters.JUnitReportReporter -->
<testsuite hostname="LAPTOP-CM51QT3D" failures="0" tests="1" name="TC_RemoveFromWishlist_00" time="3.885" errors="0" timestamp="2023-12-27T09:58:41 IST" skipped="0">
  <testcase classname="TC_RemoveFromWishlist_00" name="remove" time="3.885">
    <system-out>
      <![CDATA[Clicked on ApparalesAndShoes
Clicked on 50's Rockabilly Polka Dot Top JR Plus Size 
Added To Whishlist
Clicked on Wishlist
clicked on  added to  cart checkbox
product added to shoppingcart]]>
    </system-out>
  </testcase> <!-- remove -->
  <system-out>
    <![CDATA[Browser Launched
URL Entered
Login Successfully
Clicked on ApparalesAndShoes
Clicked on 50's Rockabilly Polka Dot Top JR Plus Size 
Added To Whishlist
Clicked on Wishlist
clicked on  added to  cart checkbox
product added to shoppingcart]]>
  </system-out>
</testsuite> <!-- TC_RemoveFromWishlist_00 -->
