<?xml version="1.0" encoding="UTF-8"?>
<!-- Generated by org.testng.reporters.JUnitReportReporter -->
<testsuite hostname="LAPTOP-CM51QT3D" failures="0" tests="1" name="TC_AddToShoppingCart_002" time="4.043" errors="0" timestamp="2023-12-27T15:41:03 IST" skipped="0">
  <testcase classname="TC_AddToShoppingCart_002" name="AddtoShoppingCart" time="4.043">
    <system-out>
      <![CDATA[Clicked on Books
Clicked on ComputingInternet
Clicked on AddToCart
Clicked on ShoppingCart
Product is Displayed in Cart]]>
    </system-out>
  </testcase> <!-- AddtoShoppingCart -->
  <system-out>
    <![CDATA[Browser Launched
URL Entered
Email address Entered Succesfully
Password  Entered Succesfully
Login Successfully
Clicked on Books
Clicked on ComputingInternet
Clicked on AddToCart
Clicked on ShoppingCart
Product is Displayed in Cart]]>
  </system-out>
</testsuite> <!-- TC_AddToShoppingCart_002 -->
